<?xml version="1.0" encoding="UTF-8"?>
<!-- Generated by org.testng.reporters.JUnitReportReporter -->
<testsuite skipped="0" hostname="LAPTOP-2NC6VFDD" name="privatefw.E2E.Obtimize" tests="1" failures="0" timestamp="13 Dec 2020 19:35:55 GMT" time="7.428" errors="0">
  <testcase name="launch" time="7.428" classname="privatefw.E2E.Obtimize"/>
</testsuite> <!-- privatefw.E2E.Obtimize -->
