<?xml version="1.0" encoding="UTF-8"?>
<!-- Generated by org.testng.reporters.JUnitReportReporter -->
<testsuite skipped="0" hostname="LAPTOP-2NC6VFDD" name="privatefw.E2E.Navigation" tests="1" failures="0" timestamp="09 Dec 2020 23:34:11 GMT" time="4.481" errors="0">
  <testcase name="naviBar" time="4.481" classname="privatefw.E2E.Navigation"/>
</testsuite> <!-- privatefw.E2E.Navigation -->
