<?xml version="1.0" encoding="UTF-8"?>
<!-- Generated by org.testng.reporters.JUnitReportReporter -->
<testsuite skipped="0" hostname="LAPTOP-2NC6VFDD" name="privatefw.E2E.FirstTest" tests="2" failures="0" timestamp="09 Dec 2020 23:34:11 GMT" time="10.768" errors="0">
  <testcase name="launch" time="7.477" classname="privatefw.E2E.FirstTest"/>
  <testcase name="launch" time="3.291" classname="privatefw.E2E.FirstTest"/>
</testsuite> <!-- privatefw.E2E.FirstTest -->
