<?xml version="1.0" encoding="UTF-8"?>
<!-- Generated by org.testng.reporters.JUnitReportReporter -->
<testsuite skipped="0" hostname="LAPTOP-2NC6VFDD" name="privatefw.E2E.FirstTest" tests="2" failures="0" timestamp="13 Dec 2020 19:35:55 GMT" time="9.866" errors="0">
  <testcase name="launch" time="2.888" classname="privatefw.E2E.FirstTest"/>
  <testcase name="launch" time="6.978" classname="privatefw.E2E.FirstTest"/>
</testsuite> <!-- privatefw.E2E.FirstTest -->
