<?xml version="1.0" encoding="UTF-8"?>
<!-- Generated by org.testng.reporters.JUnitReportReporter -->
<testsuite skipped="0" hostname="LAPTOP-2NC6VFDD" name="privatefw.E2E.Obtimize" tests="1" failures="0" timestamp="10 Dec 2020 21:44:26 GMT" time="10.374" errors="0">
  <testcase name="launch" time="10.374" classname="privatefw.E2E.Obtimize"/>
</testsuite> <!-- privatefw.E2E.Obtimize -->
