<?xml version="1.0" encoding="UTF-8"?>
<!-- Generated by org.testng.reporters.JUnitReportReporter -->
<testsuite skipped="0" hostname="LAPTOP-2NC6VFDD" name="privatefw.E2E.FirstTest" tests="2" failures="0" timestamp="10 Dec 2020 21:48:38 GMT" time="11.937" errors="0">
  <testcase name="launch" time="8.924" classname="privatefw.E2E.FirstTest"/>
  <testcase name="launch" time="3.013" classname="privatefw.E2E.FirstTest"/>
</testsuite> <!-- privatefw.E2E.FirstTest -->
